[2026-02-10T21:45:25.272+0000] {local_task_job_runner.py:120} INFO - ::group::Pre task execution logs
[2026-02-10T21:45:25.300+0000] {taskinstance.py:2076} INFO - Dependencies all met for dep_context=non-requeueable deps ti=<TaskInstance: wine_classification_pipeline.train_model manual__2026-02-10T21:45:10.518349+00:00 [queued]>
[2026-02-10T21:45:25.309+0000] {taskinstance.py:2076} INFO - Dependencies all met for dep_context=requeueable deps ti=<TaskInstance: wine_classification_pipeline.train_model manual__2026-02-10T21:45:10.518349+00:00 [queued]>
[2026-02-10T21:45:25.311+0000] {taskinstance.py:2306} INFO - Starting attempt 1 of 2
[2026-02-10T21:45:25.327+0000] {taskinstance.py:2330} INFO - Executing <Task(PythonOperator): train_model> on 2026-02-10 21:45:10.518349+00:00
[2026-02-10T21:45:25.345+0000] {warnings.py:112} WARNING - /home/***/.local/lib/python3.12/site-packages/***/task/task_runner/standard_task_runner.py:61: DeprecationWarning: This process (pid=168) is multi-threaded, use of fork() may lead to deadlocks in the child.
  pid = os.fork()

[2026-02-10T21:45:25.348+0000] {standard_task_runner.py:63} INFO - Started process 186 to run task
[2026-02-10T21:45:25.348+0000] {standard_task_runner.py:90} INFO - Running: ['***', 'tasks', 'run', 'wine_classification_pipeline', 'train_model', 'manual__2026-02-10T21:45:10.518349+00:00', '--job-id', '5', '--raw', '--subdir', 'DAGS_FOLDER/***.py', '--cfg-path', '/tmp/tmp4ue3rihb']
[2026-02-10T21:45:25.351+0000] {standard_task_runner.py:91} INFO - Job 5: Subtask train_model
[2026-02-10T21:45:25.432+0000] {task_command.py:426} INFO - Running <TaskInstance: wine_classification_pipeline.train_model manual__2026-02-10T21:45:10.518349+00:00 [running]> on host 3bdbb3c39952
[2026-02-10T21:45:25.547+0000] {taskinstance.py:2648} INFO - Exporting env vars: AIRFLOW_CTX_DAG_OWNER='***' AIRFLOW_CTX_DAG_ID='wine_classification_pipeline' AIRFLOW_CTX_TASK_ID='train_model' AIRFLOW_CTX_EXECUTION_DATE='2026-02-10T21:45:10.518349+00:00' AIRFLOW_CTX_TRY_NUMBER='1' AIRFLOW_CTX_DAG_RUN_ID='manual__2026-02-10T21:45:10.518349+00:00'
[2026-02-10T21:45:25.549+0000] {taskinstance.py:430} INFO - ::endgroup::
[2026-02-10T21:45:25.969+0000] {logging_mixin.py:188} INFO - Saved trained model to /opt/***/dags/src/model/model.pkl
[2026-02-10T21:45:25.970+0000] {python.py:237} INFO - Done. Returned value was: /opt/***/dags/src/model/model.pkl
[2026-02-10T21:45:25.970+0000] {taskinstance.py:441} INFO - ::group::Post task execution logs
[2026-02-10T21:45:25.999+0000] {taskinstance.py:1206} INFO - Marking task as SUCCESS. dag_id=wine_classification_pipeline, task_id=train_model, run_id=manual__2026-02-10T21:45:10.518349+00:00, execution_date=20260210T214510, start_date=20260210T214525, end_date=20260210T214525
[2026-02-10T21:45:26.046+0000] {local_task_job_runner.py:240} INFO - Task exited with return code 0
[2026-02-10T21:45:26.073+0000] {taskinstance.py:3503} INFO - 1 downstream tasks scheduled from follow-on schedule check
[2026-02-10T21:45:26.076+0000] {local_task_job_runner.py:222} INFO - ::endgroup::
