[2026-02-10T21:46:34.605+0000] {local_task_job_runner.py:120} INFO - ::group::Pre task execution logs
[2026-02-10T21:46:34.640+0000] {taskinstance.py:2076} INFO - Dependencies all met for dep_context=non-requeueable deps ti=<TaskInstance: wine_classification_pipeline.train_model manual__2026-02-10T21:46:23.095283+00:00 [queued]>
[2026-02-10T21:46:34.652+0000] {taskinstance.py:2076} INFO - Dependencies all met for dep_context=requeueable deps ti=<TaskInstance: wine_classification_pipeline.train_model manual__2026-02-10T21:46:23.095283+00:00 [queued]>
[2026-02-10T21:46:34.654+0000] {taskinstance.py:2306} INFO - Starting attempt 1 of 2
[2026-02-10T21:46:34.673+0000] {taskinstance.py:2330} INFO - Executing <Task(PythonOperator): train_model> on 2026-02-10 21:46:23.095283+00:00
[2026-02-10T21:46:34.696+0000] {warnings.py:112} WARNING - /home/***/.local/lib/python3.12/site-packages/***/task/task_runner/standard_task_runner.py:61: DeprecationWarning: This process (pid=258) is multi-threaded, use of fork() may lead to deadlocks in the child.
  pid = os.fork()

[2026-02-10T21:46:34.703+0000] {standard_task_runner.py:63} INFO - Started process 276 to run task
[2026-02-10T21:46:34.701+0000] {standard_task_runner.py:90} INFO - Running: ['***', 'tasks', 'run', 'wine_classification_pipeline', 'train_model', 'manual__2026-02-10T21:46:23.095283+00:00', '--job-id', '9', '--raw', '--subdir', 'DAGS_FOLDER/***.py', '--cfg-path', '/tmp/tmp6oh31qc5']
[2026-02-10T21:46:34.709+0000] {standard_task_runner.py:91} INFO - Job 9: Subtask train_model
[2026-02-10T21:46:34.822+0000] {task_command.py:426} INFO - Running <TaskInstance: wine_classification_pipeline.train_model manual__2026-02-10T21:46:23.095283+00:00 [running]> on host 3bdbb3c39952
[2026-02-10T21:46:34.979+0000] {taskinstance.py:2648} INFO - Exporting env vars: AIRFLOW_CTX_DAG_OWNER='***' AIRFLOW_CTX_DAG_ID='wine_classification_pipeline' AIRFLOW_CTX_TASK_ID='train_model' AIRFLOW_CTX_EXECUTION_DATE='2026-02-10T21:46:23.095283+00:00' AIRFLOW_CTX_TRY_NUMBER='1' AIRFLOW_CTX_DAG_RUN_ID='manual__2026-02-10T21:46:23.095283+00:00'
[2026-02-10T21:46:34.981+0000] {taskinstance.py:430} INFO - ::endgroup::
[2026-02-10T21:46:35.601+0000] {logging_mixin.py:188} INFO - Saved trained model to /opt/***/dags/src/model/model.pkl
[2026-02-10T21:46:35.603+0000] {python.py:237} INFO - Done. Returned value was: /opt/***/dags/src/model/model.pkl
[2026-02-10T21:46:35.603+0000] {taskinstance.py:441} INFO - ::group::Post task execution logs
[2026-02-10T21:46:35.644+0000] {taskinstance.py:1206} INFO - Marking task as SUCCESS. dag_id=wine_classification_pipeline, task_id=train_model, run_id=manual__2026-02-10T21:46:23.095283+00:00, execution_date=20260210T214623, start_date=20260210T214634, end_date=20260210T214635
[2026-02-10T21:46:35.721+0000] {local_task_job_runner.py:240} INFO - Task exited with return code 0
[2026-02-10T21:46:35.753+0000] {taskinstance.py:3503} INFO - 1 downstream tasks scheduled from follow-on schedule check
[2026-02-10T21:46:35.757+0000] {local_task_job_runner.py:222} INFO - ::endgroup::
