[2026-02-10T21:46:39.850+0000] {local_task_job_runner.py:120} INFO - ::group::Pre task execution logs
[2026-02-10T21:46:39.902+0000] {taskinstance.py:2076} INFO - Dependencies all met for dep_context=non-requeueable deps ti=<TaskInstance: wine_classification_pipeline.predict_and_evaluate manual__2026-02-10T21:46:23.095283+00:00 [queued]>
[2026-02-10T21:46:39.916+0000] {taskinstance.py:2076} INFO - Dependencies all met for dep_context=requeueable deps ti=<TaskInstance: wine_classification_pipeline.predict_and_evaluate manual__2026-02-10T21:46:23.095283+00:00 [queued]>
[2026-02-10T21:46:39.918+0000] {taskinstance.py:2306} INFO - Starting attempt 1 of 2
[2026-02-10T21:46:39.942+0000] {taskinstance.py:2330} INFO - Executing <Task(PythonOperator): predict_and_evaluate> on 2026-02-10 21:46:23.095283+00:00
[2026-02-10T21:46:39.964+0000] {warnings.py:112} WARNING - /home/***/.local/lib/python3.12/site-packages/***/task/task_runner/standard_task_runner.py:61: DeprecationWarning: This process (pid=277) is multi-threaded, use of fork() may lead to deadlocks in the child.
  pid = os.fork()

[2026-02-10T21:46:39.969+0000] {standard_task_runner.py:63} INFO - Started process 295 to run task
[2026-02-10T21:46:39.968+0000] {standard_task_runner.py:90} INFO - Running: ['***', 'tasks', 'run', 'wine_classification_pipeline', 'predict_and_evaluate', 'manual__2026-02-10T21:46:23.095283+00:00', '--job-id', '10', '--raw', '--subdir', 'DAGS_FOLDER/***.py', '--cfg-path', '/tmp/tmp57_uck8l']
[2026-02-10T21:46:39.974+0000] {standard_task_runner.py:91} INFO - Job 10: Subtask predict_and_evaluate
[2026-02-10T21:46:40.096+0000] {task_command.py:426} INFO - Running <TaskInstance: wine_classification_pipeline.predict_and_evaluate manual__2026-02-10T21:46:23.095283+00:00 [running]> on host 3bdbb3c39952
[2026-02-10T21:46:40.278+0000] {taskinstance.py:2648} INFO - Exporting env vars: AIRFLOW_CTX_DAG_OWNER='***' AIRFLOW_CTX_DAG_ID='wine_classification_pipeline' AIRFLOW_CTX_TASK_ID='predict_and_evaluate' AIRFLOW_CTX_EXECUTION_DATE='2026-02-10T21:46:23.095283+00:00' AIRFLOW_CTX_TRY_NUMBER='1' AIRFLOW_CTX_DAG_RUN_ID='manual__2026-02-10T21:46:23.095283+00:00'
[2026-02-10T21:46:40.281+0000] {taskinstance.py:430} INFO - ::endgroup::
[2026-02-10T21:46:40.400+0000] {logging_mixin.py:188} INFO - 
Model accuracy: 0.944
[2026-02-10T21:46:40.401+0000] {logging_mixin.py:188} INFO - 
Classification Report:
[2026-02-10T21:46:40.402+0000] {logging_mixin.py:188} INFO -               precision    recall  f1-score   support

     class_0       0.92      1.00      0.96        12
     class_1       0.93      0.93      0.93        14
     class_2       1.00      0.90      0.95        10

    accuracy                           0.94        36
   macro avg       0.95      0.94      0.95        36
weighted avg       0.95      0.94      0.94        36
[2026-02-10T21:46:40.404+0000] {python.py:237} INFO - Done. Returned value was: {'accuracy': 0.9444444444444444, 'report': '              precision    recall  f1-score   support\n\n     class_0       0.92      1.00      0.96        12\n     class_1       0.93      0.93      0.93        14\n     class_2       1.00      0.90      0.95        10\n\n    accuracy                           0.94        36\n   macro avg       0.95      0.94      0.95        36\nweighted avg       0.95      0.94      0.94        36\n'}
[2026-02-10T21:46:40.404+0000] {taskinstance.py:441} INFO - ::group::Post task execution logs
[2026-02-10T21:46:40.443+0000] {taskinstance.py:1206} INFO - Marking task as SUCCESS. dag_id=wine_classification_pipeline, task_id=predict_and_evaluate, run_id=manual__2026-02-10T21:46:23.095283+00:00, execution_date=20260210T214623, start_date=20260210T214639, end_date=20260210T214640
[2026-02-10T21:46:40.508+0000] {local_task_job_runner.py:240} INFO - Task exited with return code 0
[2026-02-10T21:46:40.542+0000] {taskinstance.py:3503} INFO - 0 downstream tasks scheduled from follow-on schedule check
[2026-02-10T21:46:40.546+0000] {local_task_job_runner.py:222} INFO - ::endgroup::
